<?xml version="1.0" encoding="UTF-8"?>
<!-- Generated by org.testng.reporters.JUnitXMLReporter -->
<testsuite hostname="AIPL2361LT06766" ignored="8" name="Default test" tests="1" failures="0" timestamp="2020-09-01T17:31:36 IST" time="3.488" errors="0">
  <testcase name="test07" time="1.065" classname="com.studentAppli.tests.BestBuyStoresRestAssured"/>
  <testcase name="test001" time="0.0" classname="com.studentAppli.tests.BestBuyStoresRestAssured">
    <ignored/>
  </testcase> <!-- test001 -->
  <testcase name="test002" time="0.0" classname="com.studentAppli.tests.BestBuyStoresRestAssured">
    <ignored/>
  </testcase> <!-- test002 -->
  <testcase name="test003" time="0.0" classname="com.studentAppli.tests.BestBuyStoresRestAssured">
    <ignored/>
  </testcase> <!-- test003 -->
  <testcase name="test004" time="0.0" classname="com.studentAppli.tests.BestBuyStoresRestAssured">
    <ignored/>
  </testcase> <!-- test004 -->
  <testcase name="test005" time="0.0" classname="com.studentAppli.tests.BestBuyStoresRestAssured">
    <ignored/>
  </testcase> <!-- test005 -->
  <testcase name="test064" time="0.0" classname="com.studentAppli.tests.BestBuyStoresRestAssured">
    <ignored/>
  </testcase> <!-- test064 -->
  <testcase name="test065" time="0.0" classname="com.studentAppli.tests.BestBuyStoresRestAssured">
    <ignored/>
  </testcase> <!-- test065 -->
  <testcase name="test066" time="0.0" classname="com.studentAppli.tests.BestBuyStoresRestAssured">
    <ignored/>
  </testcase> <!-- test066 -->
</testsuite> <!-- Default test -->
